Qflow DRC logfile created on Sunday 20 November 2022 10:39:24 AM IST
magic -dnull -noconsole  /home/jayanth/Desktop/vsdflow/barrel/layout/run_drc_barrel_shifter_8bit.tcl

Magic 8.3 revision 50 - Compiled on Monday 23 May 2022 06:19:57 PM IST.
Starting magic under Tcl interpreter
Using the terminal as the console.
Using NULL graphics device.
Processing system .magicrc file
Input style lambda=0.20(p): scaleFactor=20, multiplier=1
Contact size value ignored (using GDS generation rules).
Contact size value ignored (using GDS generation rules).
Contact size value ignored (using GDS generation rules).
Contact size value ignored (using GDS generation rules).
Contact size value ignored (using GDS generation rules).
Contact size value ignored (using GDS generation rules).
4 Magic internal units = 1 Lambda
Loading "/home/jayanth/Desktop/vsdflow/barrel/layout/run_drc_barrel_shifter_8bit.tcl" from command line.
Reading LEF data from file /usr/local/share/qflow/tech/osu035/osu035_stdcells.lef.
This action cannot be undone.
LEF read, Line 16 (Message): Unknown keyword "OBS" in LEF file; ignoring.
LEF read, Line 17 (Message): Unknown keyword "PIN" in LEF file; ignoring.
LEF read: Processed 3179 lines.
File <barrel_shifter_8bit.mag> is already locked by pid 3262.  Opening read-only.
Scaled magic input cell barrel_shifter_8bit geometry by factor of 2
Processing timestamp mismatches: OAI21X1, INVX1, NAND2X1, FILL, BUFX2.
drc = 0
DRC checking script ended on Sunday 20 November 2022 10:39:27 AM IST
