Qflow migration logfile created on Sunday 20 November 2022 10:38:13 AM IST
magic -dnull -noconsole  migrate_barrel_shifter_8bit.tcl

Magic 8.3 revision 50 - Compiled on Monday 23 May 2022 06:19:57 PM IST.
Starting magic under Tcl interpreter
Using the terminal as the console.
Using NULL graphics device.
Processing system .magicrc file
Input style lambda=0.20(p): scaleFactor=20, multiplier=1
Contact size value ignored (using GDS generation rules).
Contact size value ignored (using GDS generation rules).
Contact size value ignored (using GDS generation rules).
Contact size value ignored (using GDS generation rules).
Contact size value ignored (using GDS generation rules).
Contact size value ignored (using GDS generation rules).
4 Magic internal units = 1 Lambda
Loading "migrate_barrel_shifter_8bit.tcl" from command line.
Root cell box:
           width x height  (   llx,  lly  ), (   urx,  ury  )

microns:    0.00 x 0.00    (  0.00,  0.00 ), (  0.00,  0.00 )
lambda:     0.00 x 0.00    (  0.00,  0.00 ), (  0.00,  0.00 )
internal:      0 x 0       (     0,  0    ), (     0,  0    )
Reading LEF data from file /usr/local/share/qflow/tech/osu035/osu035_stdcells.lef.
This action cannot be undone.
LEF read, Line 16 (Message): Unknown keyword "OBS" in LEF file; ignoring.
LEF read, Line 17 (Message): Unknown keyword "PIN" in LEF file; ignoring.
LEF read: Processed 3179 lines.
Reading DEF data from file barrel_shifter_8bit.def.
This action cannot be undone.
  Processed 3 vias total.
  Processed 104 subcell instances total.
  Processed 21 pins total.
  Processed 92 nets total.
DEF read, Line 1032 (Warning): Number of nets read (10) does not match the number declared (11).
DEF read: Processed 1033 lines.
DEF Read: encountered 1 warning total.
Generating LEF output barrel_shifter_8bit.lef for cell barrel_shifter_8bit:
Diagnostic:  Write LEF header for cell barrel_shifter_8bit
Diagnostic:  Writing LEF output for cell barrel_shifter_8bit
Diagnostic:  Scale value is 0.050000
Extracting FILL into FILL.ext:
Completed 100%
Extracting NAND2X1 into NAND2X1.ext:
Completed 100%
Extracting BUFX2 into BUFX2.ext:
Completed 100%
Extracting OAI21X1 into OAI21X1.ext:
Completed 100%
Extracting INVX1 into INVX1.ext:
Completed 100%
Extracting barrel_shifter_8bit into barrel_shifter_8bit.ext:
Completed 7%
Completed 13%
Completed 20%
Completed 27%
Completed 33%
Completed 40%
Completed 47%
Completed 53%
Completed 60%
Completed 67%
Completed 73%
Completed 80%
Completed 87%
Completed 93%
Completed 100%
exttospice finished.
Migration script ended on Sunday 20 November 2022 10:38:18 AM IST
