
Cell OAI21X1 disconnected node: A
Cell OAI21X1 disconnected node: B
Cell OAI21X1 disconnected node: C
Cell OAI21X1 disconnected node: gnd
Cell OAI21X1 disconnected node: Y
Cell OAI21X1 disconnected node: vdd

Subcircuit pins:
Circuit 1: OAI21X1                         |Circuit 2: OAI21X1                         
-------------------------------------------|-------------------------------------------
A                                          |A                                          
B                                          |B                                          
C                                          |C                                          
gnd                                        |gnd                                        
Y                                          |Y                                          
vdd                                        |vdd                                        
---------------------------------------------------------------------------------------
Cell pin lists are equivalent.
Device classes OAI21X1 and OAI21X1 are equivalent.

Cell INVX1 disconnected node: A
Cell INVX1 disconnected node: gnd
Cell INVX1 disconnected node: Y
Cell INVX1 disconnected node: vdd

Subcircuit pins:
Circuit 1: INVX1                           |Circuit 2: INVX1                           
-------------------------------------------|-------------------------------------------
A                                          |A                                          
gnd                                        |gnd                                        
Y                                          |Y                                          
vdd                                        |vdd                                        
---------------------------------------------------------------------------------------
Cell pin lists are equivalent.
Device classes INVX1 and INVX1 are equivalent.

Cell NAND2X1 disconnected node: A
Cell NAND2X1 disconnected node: B
Cell NAND2X1 disconnected node: gnd
Cell NAND2X1 disconnected node: Y
Cell NAND2X1 disconnected node: vdd

Subcircuit pins:
Circuit 1: NAND2X1                         |Circuit 2: NAND2X1                         
-------------------------------------------|-------------------------------------------
A                                          |A                                          
B                                          |B                                          
gnd                                        |gnd                                        
Y                                          |Y                                          
vdd                                        |vdd                                        
---------------------------------------------------------------------------------------
Cell pin lists are equivalent.
Device classes NAND2X1 and NAND2X1 are equivalent.

Cell BUFX2 disconnected node: A
Cell BUFX2 disconnected node: gnd
Cell BUFX2 disconnected node: Y
Cell BUFX2 disconnected node: vdd

Subcircuit pins:
Circuit 1: BUFX2                           |Circuit 2: BUFX2                           
-------------------------------------------|-------------------------------------------
A                                          |A                                          
gnd                                        |gnd                                        
Y                                          |Y                                          
vdd                                        |vdd                                        
---------------------------------------------------------------------------------------
Cell pin lists are equivalent.
Device classes BUFX2 and BUFX2 are equivalent.

Subcircuit summary:
Circuit 1: barrel_shifter_8bit             |Circuit 2: barrel_shifter_8bit             
-------------------------------------------|-------------------------------------------
NAND2X1 (24)                               |NAND2X1 (24)                               
OAI21X1 (24)                               |OAI21X1 (24)                               
INVX1 (24)                                 |INVX1 (24)                                 
BUFX2 (8)                                  |BUFX2 (8)                                  
Number of devices: 80                      |Number of devices: 80                      
Number of nets: 93                         |Number of nets: 93                         
---------------------------------------------------------------------------------------
Circuits match uniquely.
Netlists match uniquely.

Subcircuit pins:
Circuit 1: barrel_shifter_8bit             |Circuit 2: barrel_shifter_8bit             
-------------------------------------------|-------------------------------------------
out[0]                                     |out[0]                                     
out[1]                                     |out[1]                                     
out[2]                                     |out[2]                                     
out[3]                                     |out[3]                                     
out[4]                                     |out[4]                                     
out[5]                                     |out[5]                                     
out[6]                                     |out[6]                                     
out[7]                                     |out[7]                                     
in[1]                                      |in[1]                                      
in[0]                                      |in[0]                                      
in[3]                                      |in[3]                                      
in[2]                                      |in[2]                                      
vdd                                        |vdd                                        
in[5]                                      |in[5]                                      
in[4]                                      |in[4]                                      
in[6]                                      |in[6]                                      
in[7]                                      |in[7]                                      
gnd                                        |gnd                                        
ctrl[2]                                    |ctrl[2]                                    
ctrl[1]                                    |ctrl[1]                                    
ctrl[0]                                    |ctrl[0]                                    
---------------------------------------------------------------------------------------
Cell pin lists are equivalent.
Device classes barrel_shifter_8bit and barrel_shifter_8bit are equivalent.
Circuits match uniquely.
